<?xml version="1.0" encoding="UTF-8"?>
<!-- Generated by org.testng.reporters.JUnitReportReporter -->
<testsuite hostname="abnb10" failures="0" tests="1" name="Tests.sample1" time="0.016" errors="0" timestamp="4 May 2021 08:12:26 GMT">
  <testcase classname="Tests.sample1" name="f" time="0.016"/>
</testsuite> <!-- Tests.sample1 -->
